<?xml version="1.0" encoding="UTF-8"?>
<!-- Generated by org.testng.reporters.JUnitXMLReporter -->
<testsuite hostname="EQ-EQ6330754" name="Test" tests="1" failures="1" timestamp="25 Jan 2019 07:02:59 GMT" time="148.512" errors="0">
  <testcase name="test" time="148.494" classname="MainExecution.MainClass">
    <failure type="org.openqa.selenium.NoSuchFrameException" message="No frame element found by name or id PegaGadget2Ifr
Build info: version: &amp;apos;unknown&amp;apos;, revision: &amp;apos;unknown&amp;apos;, time: &amp;apos;unknown&amp;apos;
System info: host: &amp;apos;EQ-EQ6330754&amp;apos;, ip: &amp;apos;10.238.214.190&amp;apos;, os.name: &amp;apos;Windows 7&amp;apos;, os.arch: &amp;apos;amd64&amp;apos;, os.version: &amp;apos;6.1&amp;apos;, java.version: &amp;apos;1.8.0_131&amp;apos;
Driver info: driver.version: unknown">
      <![CDATA[org.openqa.selenium.NoSuchFrameException: No frame element found by name or id PegaGadget2Ifr
Build info: version: 'unknown', revision: 'unknown', time: 'unknown'
System info: host: 'EQ-EQ6330754', ip: '10.238.214.190', os.name: 'Windows 7', os.arch: 'amd64', os.version: '6.1', java.version: '1.8.0_131'
Driver info: driver.version: unknown
	at org.openqa.selenium.remote.RemoteWebDriver$RemoteTargetLocator.frame(RemoteWebDriver.java:973)
	at PerformOperation.OperationPerform.perform(OperationPerform.java:277)
	at MainExecution.MainClass.test(MainClass.java:84)
... Removed 23 stack frames]]>
    </failure>
  </testcase> <!-- test -->
</testsuite> <!-- Test -->
